  AplicationController.cpp
C:\Program Files (x86)\Windows Kits\10\Include\10.0.22621.0\shared\minwindef.h(130,9): warning C4005: 'APIENTRY': macro redefinition
E:\Code\Github\Lab1-Graphics\AplicationController.cpp(107,44): warning C4244: 'argument': conversion from 'float' to 'int', possible loss of data
E:\Code\Github\Lab1-Graphics\AplicationController.cpp(109,47): warning C4244: 'argument': conversion from 'float' to 'int', possible loss of data
  Application.cpp
C:\Program Files (x86)\Windows Kits\10\Include\10.0.22621.0\shared\minwindef.h(130,9): warning C4005: 'APIENTRY': macro redefinition
  CameraController.cpp
  DynamicShapeArray.cpp
C:\Program Files (x86)\Windows Kits\10\Include\10.0.22621.0\shared\minwindef.h(130,9): warning C4005: 'APIENTRY': macro redefinition
E:\Code\Github\Lab1-Graphics\DynamicShapeArray.cpp(102,12): warning C4244: 'initializing': conversion from 'double' to 'float', possible loss of data
E:\Code\Github\Lab1-Graphics\DynamicShapeArray.cpp(125,23): warning C4244: 'argument': conversion from 'int' to 'float', possible loss of data
E:\Code\Github\Lab1-Graphics\DynamicShapeArray.cpp(131,66): warning C4244: 'argument': conversion from 'int' to 'float', possible loss of data
E:\Code\Github\Lab1-Graphics\DynamicShapeArray.cpp(155,13): warning C4244: 'initializing': conversion from 'int' to 'float', possible loss of data
E:\Code\Github\Lab1-Graphics\DynamicShapeArray.cpp(172,53): warning C4838: conversion from 'float' to 'int' requires a narrowing conversion
E:\Code\Github\Lab1-Graphics\DynamicShapeArray.cpp(172,53): warning C4244: 'initializing': conversion from 'float' to 'int', possible loss of data
E:\Code\Github\Lab1-Graphics\DynamicShapeArray.cpp(173,30): warning C4838: conversion from 'float' to 'int' requires a narrowing conversion
E:\Code\Github\Lab1-Graphics\DynamicShapeArray.cpp(173,30): warning C4244: 'initializing': conversion from 'float' to 'int', possible loss of data
E:\Code\Github\Lab1-Graphics\DynamicShapeArray.cpp(174,30): warning C4838: conversion from 'float' to 'int' requires a narrowing conversion
E:\Code\Github\Lab1-Graphics\DynamicShapeArray.cpp(174,30): warning C4244: 'initializing': conversion from 'float' to 'int', possible loss of data
E:\Code\Github\Lab1-Graphics\DynamicShapeArray.cpp(181,45): warning C4244: '=': conversion from 'int' to 'float', possible loss of data
E:\Code\Github\Lab1-Graphics\DynamicShapeArray.cpp(182,45): warning C4244: '=': conversion from 'int' to 'float', possible loss of data
E:\Code\Github\Lab1-Graphics\DynamicShapeArray.cpp(183,45): warning C4244: '=': conversion from 'int' to 'float', possible loss of data
E:\Code\Github\Lab1-Graphics\DynamicShapeArray.cpp(485,15): warning C4244: 'initializing': conversion from 'int' to 'float', possible loss of data
E:\Code\Github\Lab1-Graphics\DynamicShapeArray.cpp(486,15): warning C4244: 'initializing': conversion from 'int' to 'float', possible loss of data
E:\Code\Github\Lab1-Graphics\DynamicShapeArray.cpp(517,15): warning C4244: 'initializing': conversion from 'int' to 'float', possible loss of data
E:\Code\Github\Lab1-Graphics\DynamicShapeArray.cpp(518,15): warning C4244: 'initializing': conversion from 'int' to 'float', possible loss of data
E:\Code\Github\Lab1-Graphics\DynamicShapeArray.cpp(469,13): warning C4101: 'M': unreferenced local variable
E:\Code\Github\Lab1-Graphics\DynamicShapeArray.cpp(494,13): warning C4101: 'M': unreferenced local variable
E:\Code\Github\Lab1-Graphics\DynamicShapeArray.cpp(526,13): warning C4101: 'M': unreferenced local variable
E:\Code\Github\Lab1-Graphics\DynamicShapeArray.cpp(979,16): warning C4244: 'initializing': conversion from '_Rep' to 'unsigned int', possible loss of data
E:\Code\Github\Lab1-Graphics\DynamicShapeArray.cpp(979,16): warning C4244:         with
E:\Code\Github\Lab1-Graphics\DynamicShapeArray.cpp(979,16): warning C4244:         [
E:\Code\Github\Lab1-Graphics\DynamicShapeArray.cpp(979,16): warning C4244:             _Rep=std::chrono::system_clock::rep
E:\Code\Github\Lab1-Graphics\DynamicShapeArray.cpp(979,16): warning C4244:         ]
E:\Code\Github\Lab1-Graphics\DynamicShapeArray.cpp(986,16): warning C4244: 'initializing': conversion from '_Rep' to 'unsigned int', possible loss of data
E:\Code\Github\Lab1-Graphics\DynamicShapeArray.cpp(986,16): warning C4244:         with
E:\Code\Github\Lab1-Graphics\DynamicShapeArray.cpp(986,16): warning C4244:         [
E:\Code\Github\Lab1-Graphics\DynamicShapeArray.cpp(986,16): warning C4244:             _Rep=std::chrono::system_clock::rep
E:\Code\Github\Lab1-Graphics\DynamicShapeArray.cpp(986,16): warning C4244:         ]
  InputController.cpp
  Shader.cpp
  Generating Code...
glew32s.lib(glew.obj) : warning LNK4099: PDB '' was not found with 'glew32s.lib(glew.obj)' or at ''; linking object as if no debug info
LINK : warning LNK4098: defaultlib 'MSVCRT' conflicts with use of other libs; use /NODEFAULTLIB:library
LINK : warning LNK4098: defaultlib 'LIBCMT' conflicts with use of other libs; use /NODEFAULTLIB:library
  Lab1Graphics.vcxproj -> E:\Code\Github\Lab1-Graphics\x64\Debug\Lab1Graphics.exe
